Using pre-set license
Built from '2020.2/release' branch; Version is '2020.2.2f1 (068178b99f32) revision 426360'; Using compiler version '192528614'; Build Type 'Release'
OS: 'Windows 10 Pro; OS build 19041.746; Version 2004; 64bit' Language: 'es' Physical Memory: 8100 MB
BatchMode: 1, IsHumanControllingUs: 0, StartBugReporterOnCrash: 0, Is64bit: 1, IsPro: 0

 COMMAND LINE ARGUMENTS:
C:\Program Files\Unity\Hub\Editor\2020.2.2f1\Editor\Unity.exe
-adb2
-batchMode
-noUpm
-name
AssetImportWorker0
-projectPath
C:/Users/Miguel ﾃ］gel/Documents/Repos/Arquitectura-de-software/Arquitectura de Software
-logFile
Logs/AssetImportWorker0.log
-srvPort
63884
Successfully changed project path to: C:/Users/Miguel ﾃ］gel/Documents/Repos/Arquitectura-de-software/Arquitectura de Software
C:/Users/Miguel ﾃ］gel/Documents/Repos/Arquitectura-de-software/Arquitectura de Software
Using Asset Import Pipeline V2.
Refreshing native plugins compatible for Editor in 62.02 ms, found 0 plugins.
Preloading 0 native plugins for Editor in 0.00 ms.
Initialize engine version: 2020.2.2f1 (068178b99f32)
[Subsystems] Discovering subsystems at path C:/Program Files/Unity/Hub/Editor/2020.2.2f1/Editor/Data/Resources/UnitySubsystems
[Subsystems] Discovering subsystems at path C:/Users/Miguel ﾃ］gel/Documents/Repos/Arquitectura-de-software/Arquitectura de Software/Assets
GfxDevice: creating device client; threaded=0
Direct3D:
    Version:  Direct3D 11.0 [level 11.0]
    Renderer: NVIDIA GeForce GTX 960M (ID=0x139b)
    Vendor:   
    VRAM:     2010 MB
    Driver:   24.21.13.9907
Initialize mono
Mono path[0] = 'C:/Program Files/Unity/Hub/Editor/2020.2.2f1/Editor/Data/Managed'
Mono path[1] = 'C:/Program Files/Unity/Hub/Editor/2020.2.2f1/Editor/Data/MonoBleedingEdge/lib/mono/unityjit'
Mono config path = 'C:/Program Files/Unity/Hub/Editor/2020.2.2f1/Editor/Data/MonoBleedingEdge/etc'
Using monoOptions --debugger-agent=transport=dt_socket,embedding=1,server=y,suspend=n,address=127.0.0.1:56620
Begin MonoManager ReloadAssembly
Registering precompiled unity dll's ...
Register platform support module: C:/Program Files/Unity/Hub/Editor/2020.2.2f1/Editor/Data/PlaybackEngines/WindowsStandaloneSupport/UnityEditor.WindowsStandalone.Extensions.dll
Registered in 0.002632 seconds.
Native extension for WindowsStandalone target not found
Refreshing native plugins compatible for Editor in 31.97 ms, found 0 plugins.
Preloading 0 native plugins for Editor in 0.00 ms.
Invoked RoslynAnalysisRunner static constructor.
RoslynAnalysisRunner will not be running.
RoslynAnalysisRunner has terminated.
Mono: successfully reloaded assembly
- Completed reload, in  1.608 seconds
Platform modules already initialized, skipping
Registering precompiled user dll's ...
Registered in 0.001123 seconds.
Begin MonoManager ReloadAssembly
Native extension for WindowsStandalone target not found
Refreshing native plugins compatible for Editor in 0.26 ms, found 0 plugins.
Preloading 0 native plugins for Editor in 0.00 ms.
Invoked RoslynAnalysisRunner static constructor.
RoslynAnalysisRunner will not be running.
RoslynAnalysisRunner has terminated.
Mono: successfully reloaded assembly
- Completed reload, in  1.430 seconds
Platform modules already initialized, skipping
========================================================================
Worker process is ready to serve import requests
Launched and connected shader compiler UnityShaderCompiler.exe after 0.16 seconds
Refreshing native plugins compatible for Editor in 0.23 ms, found 0 plugins.
Preloading 0 native plugins for Editor in 0.00 ms.
Unloading 1119 Unused Serialized files (Serialized files now loaded: 0)
System memory in use before: 59.2 MB.
System memory in use after: 59.2 MB.

Unloading 10 unused Assets to reduce memory usage. Loaded Objects now: 1560.
Total: 2.695700 ms (FindLiveObjects: 0.418200 ms CreateObjectMapping: 0.338200 ms MarkObjects: 1.793500 ms  DeleteObjects: 0.144500 ms)

========================================================================
Received Import Request.
  path: Assets/Scripts/CollectCoins.cs
  artifactKey: Guid(f634714093403d440a8e41e0d1a5e6d4) Importer(815301076,1909f56bfc062723c751e8b465ee728b)
Start importing Assets/Scripts/CollectCoins.cs using Guid(f634714093403d440a8e41e0d1a5e6d4) Importer(815301076,1909f56bfc062723c751e8b465ee728b)  -> (artifact id: '5fcdab8cfd61878dfdea36ffdd5f3977') in 0.342438 seconds
  Import took 0.412368 seconds .

========================================================================
Received Import Request.
  Time since last request: 1.911568 seconds.
  path: Assets/Scripts/ObjectPooling.cs
  artifactKey: Guid(b523dda24c3a6a54389e9d1dfa8c960b) Importer(815301076,1909f56bfc062723c751e8b465ee728b)
Start importing Assets/Scripts/ObjectPooling.cs using Guid(b523dda24c3a6a54389e9d1dfa8c960b) Importer(815301076,1909f56bfc062723c751e8b465ee728b)  -> (artifact id: 'e6cd3a05946538fbe0c89db5a89db349') in 0.003166 seconds
  Import took 0.037323 seconds .

========================================================================
Received Import Request.
  Time since last request: 0.081678 seconds.
  path: Assets/Scripts/ObjectPooling.cs
  artifactKey: Guid(b523dda24c3a6a54389e9d1dfa8c960b) Importer(815301076,1909f56bfc062723c751e8b465ee728b)
Start importing Assets/Scripts/ObjectPooling.cs using Guid(b523dda24c3a6a54389e9d1dfa8c960b) Importer(815301076,1909f56bfc062723c751e8b465ee728b)  -> (artifact id: 'e6cd3a05946538fbe0c89db5a89db349') in 0.003938 seconds
  Import took 0.007189 seconds .

========================================================================
Received Import Request.
  Time since last request: 53.803648 seconds.
  path: Assets/Scripts/GameManager.cs
  artifactKey: Guid(064c85d4b4222ad47a9968b7d27d8201) Importer(815301076,1909f56bfc062723c751e8b465ee728b)
Start importing Assets/Scripts/GameManager.cs using Guid(064c85d4b4222ad47a9968b7d27d8201) Importer(815301076,1909f56bfc062723c751e8b465ee728b)  -> (artifact id: '9626b3aba666cfd3a5e429d32fffe975') in 0.016611 seconds
  Import took 0.044042 seconds .

========================================================================
Received Import Request.
  Time since last request: 0.035222 seconds.
  path: Assets/Scripts/GameManager.cs
  artifactKey: Guid(064c85d4b4222ad47a9968b7d27d8201) Importer(815301076,1909f56bfc062723c751e8b465ee728b)
Start importing Assets/Scripts/GameManager.cs using Guid(064c85d4b4222ad47a9968b7d27d8201) Importer(815301076,1909f56bfc062723c751e8b465ee728b)  -> (artifact id: '9626b3aba666cfd3a5e429d32fffe975') in 0.005353 seconds
  Import took 0.009298 seconds .

========================================================================
Received Import Request.
  Time since last request: 4452.164396 seconds.
  path: Assets/Scripts/SpawnerMonedas.cs
  artifactKey: Guid(0946cf3f9df00084a8d00191f21cd846) Importer(815301076,1909f56bfc062723c751e8b465ee728b)
Start importing Assets/Scripts/SpawnerMonedas.cs using Guid(0946cf3f9df00084a8d00191f21cd846) Importer(815301076,1909f56bfc062723c751e8b465ee728b)  -> (artifact id: 'b8030572b72d1b3600dc009877da73c3') in 0.006959 seconds
  Import took 0.066964 seconds .

========================================================================
Received Import Request.
  Time since last request: 0.758095 seconds.
  path: Assets/Scripts/Spawner.cs
  artifactKey: Guid(d3ab39b6fe26b264ea4c3e30b9a42b4e) Importer(815301076,1909f56bfc062723c751e8b465ee728b)
Start importing Assets/Scripts/Spawner.cs using Guid(d3ab39b6fe26b264ea4c3e30b9a42b4e) Importer(815301076,1909f56bfc062723c751e8b465ee728b)  -> (artifact id: '2c46e143fc48ed19d74217e1c271953d') in 0.025446 seconds
  Import took 0.041032 seconds .

========================================================================
Received Import Request.
  Time since last request: 13.211284 seconds.
  path: Assets/Scripts/PlayerController.cs
  artifactKey: Guid(5fc0b7d3798855a439e90cf55387a4da) Importer(815301076,1909f56bfc062723c751e8b465ee728b)
Start importing Assets/Scripts/PlayerController.cs using Guid(5fc0b7d3798855a439e90cf55387a4da) Importer(815301076,1909f56bfc062723c751e8b465ee728b)  -> (artifact id: '741437a8ad16fa92a951b84bb35f9d67') in 0.004133 seconds
  Import took 0.022008 seconds .

========================================================================
Received Prepare
Registering precompiled user dll's ...
Registered in 0.001296 seconds.
Begin MonoManager ReloadAssembly
Native extension for WindowsStandalone target not found
Refreshing native plugins compatible for Editor in 0.40 ms, found 0 plugins.
Preloading 0 native plugins for Editor in 0.00 ms.
Invoked RoslynAnalysisRunner static constructor.
RoslynAnalysisRunner will not be running.
RoslynAnalysisRunner has terminated.
Mono: successfully reloaded assembly
- Completed reload, in  2.678 seconds
Platform modules already initialized, skipping
Refreshing native plugins compatible for Editor in 0.26 ms, found 0 plugins.
Preloading 0 native plugins for Editor in 0.00 ms.
Unloading 1101 Unused Serialized files (Serialized files now loaded: 0)
System memory in use before: 58.4 MB.
System memory in use after: 58.4 MB.

Unloading 5 unused Assets to reduce memory usage. Loaded Objects now: 1562.
Total: 2.272600 ms (FindLiveObjects: 0.188700 ms CreateObjectMapping: 0.052500 ms MarkObjects: 1.826400 ms  DeleteObjects: 0.203600 ms)

========================================================================
Received Import Request.
  Time since last request: 2391.527730 seconds.
  path: Assets/Scripts/Spawner.cs
  artifactKey: Guid(d3ab39b6fe26b264ea4c3e30b9a42b4e) Importer(815301076,1909f56bfc062723c751e8b465ee728b)
Start importing Assets/Scripts/Spawner.cs using Guid(d3ab39b6fe26b264ea4c3e30b9a42b4e) Importer(815301076,1909f56bfc062723c751e8b465ee728b)  -> (artifact id: '3284d1b45be51da79fd657f1af7157ca') in 0.007355 seconds
  Import took 0.009969 seconds .

========================================================================
Received Prepare
Registering precompiled user dll's ...
Registered in 0.002233 seconds.
Begin MonoManager ReloadAssembly
Native extension for WindowsStandalone target not found
Refreshing native plugins compatible for Editor in 0.25 ms, found 0 plugins.
Preloading 0 native plugins for Editor in 0.00 ms.
Invoked RoslynAnalysisRunner static constructor.
RoslynAnalysisRunner will not be running.
RoslynAnalysisRunner has terminated.
Mono: successfully reloaded assembly
- Completed reload, in  1.189 seconds
Platform modules already initialized, skipping
Refreshing native plugins compatible for Editor in 0.34 ms, found 0 plugins.
Preloading 0 native plugins for Editor in 0.00 ms.
Unloading 1101 Unused Serialized files (Serialized files now loaded: 0)
System memory in use before: 58.7 MB.
System memory in use after: 58.8 MB.

Unloading 5 unused Assets to reduce memory usage. Loaded Objects now: 1564.
Total: 2.399000 ms (FindLiveObjects: 0.179400 ms CreateObjectMapping: 0.060100 ms MarkObjects: 2.011400 ms  DeleteObjects: 0.147100 ms)

========================================================================
Received Prepare
Registering precompiled user dll's ...
Registered in 0.001022 seconds.
Begin MonoManager ReloadAssembly
Native extension for WindowsStandalone target not found
Refreshing native plugins compatible for Editor in 0.25 ms, found 0 plugins.
Preloading 0 native plugins for Editor in 0.00 ms.
Invoked RoslynAnalysisRunner static constructor.
RoslynAnalysisRunner will not be running.
RoslynAnalysisRunner has terminated.
Mono: successfully reloaded assembly
- Completed reload, in  1.112 seconds
Platform modules already initialized, skipping
Refreshing native plugins compatible for Editor in 0.27 ms, found 0 plugins.
Preloading 0 native plugins for Editor in 0.00 ms.
Unloading 1101 Unused Serialized files (Serialized files now loaded: 0)
System memory in use before: 58.9 MB.
System memory in use after: 59.0 MB.

Unloading 5 unused Assets to reduce memory usage. Loaded Objects now: 1566.
Total: 2.148700 ms (FindLiveObjects: 0.141000 ms CreateObjectMapping: 0.048700 ms MarkObjects: 1.847300 ms  DeleteObjects: 0.110500 ms)

========================================================================
Received Import Request.
  Time since last request: 3097.637478 seconds.
  path: Assets/Scripts/GameManager.cs
  artifactKey: Guid(064c85d4b4222ad47a9968b7d27d8201) Importer(815301076,1909f56bfc062723c751e8b465ee728b)
Start importing Assets/Scripts/GameManager.cs using Guid(064c85d4b4222ad47a9968b7d27d8201) Importer(815301076,1909f56bfc062723c751e8b465ee728b)  -> (artifact id: 'e7914f032d599c797fb91a1108666198') in 0.006780 seconds
  Import took 0.009606 seconds .

========================================================================
Received Prepare
Registering precompiled user dll's ...
Registered in 0.000869 seconds.
Begin MonoManager ReloadAssembly
Native extension for WindowsStandalone target not found
Refreshing native plugins compatible for Editor in 0.22 ms, found 0 plugins.
Preloading 0 native plugins for Editor in 0.00 ms.
Invoked RoslynAnalysisRunner static constructor.
RoslynAnalysisRunner will not be running.
RoslynAnalysisRunner has terminated.
Mono: successfully reloaded assembly
- Completed reload, in  1.266 seconds
Platform modules already initialized, skipping
Refreshing native plugins compatible for Editor in 0.69 ms, found 0 plugins.
Preloading 0 native plugins for Editor in 0.00 ms.
Unloading 1101 Unused Serialized files (Serialized files now loaded: 0)
System memory in use before: 59.0 MB.
System memory in use after: 59.0 MB.

Unloading 5 unused Assets to reduce memory usage. Loaded Objects now: 1568.
Total: 2.159500 ms (FindLiveObjects: 0.198200 ms CreateObjectMapping: 0.040600 ms MarkObjects: 1.736200 ms  DeleteObjects: 0.130100 ms)

AssetImportWorkerClient::OnTransportError - code=2 error=End of file
